<?xml version="1.0" encoding="UTF-8"?>
<testng-results skipped="0" failed="0" total="1" passed="1">
  <reporter-output>
  </reporter-output>
  <suite name="Default suite" duration-ms="338" started-at="2016-11-11T08:10:54Z" finished-at="2016-11-11T08:10:55Z">
    <groups>
    </groups>
    <test name="Default test" duration-ms="338" started-at="2016-11-11T08:10:54Z" finished-at="2016-11-11T08:10:55Z">
      <class name="com.gaaana.AndroidAutomation.Hash">
        <test-method status="PASS" signature="hashgen()[pri:0, instance:com.gaaana.AndroidAutomation.Hash@59fa1d9b]" name="hashgen" duration-ms="316" started-at="2016-11-11T13:40:54Z" finished-at="2016-11-11T13:40:55Z">
          <reporter-output>
          </reporter-output>
        </test-method> <!-- hashgen -->
      </class> <!-- com.gaaana.AndroidAutomation.Hash -->
    </test> <!-- Default test -->
  </suite> <!-- Default suite -->
</testng-results>
